# JRE version: OpenJDK Runtime Environment (8.0_152-b01) (build 1.8.0_152-release-1343-b01)
# Java VM: OpenJDK 64-Bit Server VM (25.152-b01 mixed mode windows-amd64 compressed oops)
Heap:
 PSYoungGen      total 145920K, used 19544K [0x00000000e0000000, 0x00000000eb000000, 0x0000000100000000)
  eden space 123904K, 7% used [0x00000000e0000000,0x00000000e096fda8,0x00000000e7900000)
  from space 22016K, 45% used [0x00000000e9a80000,0x00000000ea446c78,0x00000000eb000000)
  to   space 28160K, 0% used [0x00000000e7900000,0x00000000e7900000,0x00000000e9480000)
 ParOldGen       total 110592K, used 56831K [0x00000000a0000000, 0x00000000a6c00000, 0x00000000e0000000)
  object space 110592K, 51% used [0x00000000a0000000,0x00000000a377fcd8,0x00000000a6c00000)
 Metaspace       used 97201K, capacity 101786K, committed 101976K, reserved 1138688K
  class space    used 12281K, capacity 13104K, committed 13184K, reserved 1048576K
GC Heap History (10 events):
Event: 2452.879 GC heap before
{Heap before GC invocations=36 (full 4):
 PSYoungGen      total 182784K, used 152816K [0x00000000e0000000, 0x00000000ee900000, 0x0000000100000000)
  eden space 147968K, 100% used [0x00000000e0000000,0x00000000e9080000,0x00000000e9080000)
  from space 34816K, 13% used [0x00000000e9080000,0x00000000e953c010,0x00000000eb280000)
  to   space 34304K, 0% used [0x00000000ec780000,0x00000000ec780000,0x00000000ee900000)
 ParOldGen       total 110592K, used 54717K [0x00000000a0000000, 0x00000000a6c00000, 0x00000000e0000000)
  object space 110592K, 49% used [0x00000000a0000000,0x00000000a356f458,0x00000000a6c00000)
 Metaspace       used 88313K, capacity 91998K, committed 92248K, reserved 1130496K
  class space    used 11180K, capacity 11854K, committed 11904K, reserved 1048576K
Event: 2452.943 GC heap after
Heap after GC invocations=36 (full 4):
 PSYoungGen      total 150016K, used 2176K [0x00000000e0000000, 0x00000000ece80000, 0x0000000100000000)
  eden space 142848K, 0% used [0x00000000e0000000,0x00000000e0000000,0x00000000e8b80000)
  from space 7168K, 30% used [0x00000000ec780000,0x00000000ec9a0000,0x00000000ece80000)
  to   space 34304K, 0% used [0x00000000e8b80000,0x00000000e8b80000,0x00000000ead00000)
 ParOldGen       total 110592K, used 56799K [0x00000000a0000000, 0x00000000a6c00000, 0x00000000e0000000)
  object space 110592K, 51% used [0x00000000a0000000,0x00000000a3777cd8,0x00000000a6c00000)
 Metaspace       used 88313K, capacity 91998K, committed 92248K, reserved 1130496K
  class space    used 11180K, capacity 11854K, committed 11904K, reserved 1048576K
}
Event: 2480.503 GC heap before
{Heap before GC invocations=37 (full 4):
 PSYoungGen      total 150016K, used 145024K [0x00000000e0000000, 0x00000000ece80000, 0x0000000100000000)
  eden space 142848K, 100% used [0x00000000e0000000,0x00000000e8b80000,0x00000000e8b80000)
  from space 7168K, 30% used [0x00000000ec780000,0x00000000ec9a0000,0x00000000ece80000)
  to   space 34304K, 0% used [0x00000000e8b80000,0x00000000e8b80000,0x00000000ead00000)
 ParOldGen       total 110592K, used 56799K [0x00000000a0000000, 0x00000000a6c00000, 0x00000000e0000000)
  object space 110592K, 51% used [0x00000000a0000000,0x00000000a3777cd8,0x00000000a6c00000)
 Metaspace       used 88554K, capacity 92352K, committed 92504K, reserved 1130496K
  class space    used 11199K, capacity 11889K, committed 11904K, reserved 1048576K
Event: 2480.513 GC heap after
Heap after GC invocations=37 (full 4):
 PSYoungGen      total 143360K, used 5381K [0x00000000e0000000, 0x00000000ec800000, 0x0000000100000000)
  eden space 137728K, 0% used [0x00000000e0000000,0x00000000e0000000,0x00000000e8680000)
  from space 5632K, 95% used [0x00000000e8b80000,0x00000000e90c1418,0x00000000e9100000)
  to   space 32768K, 0% used [0x00000000ea800000,0x00000000ea800000,0x00000000ec800000)
 ParOldGen       total 110592K, used 56807K [0x00000000a0000000, 0x00000000a6c00000, 0x00000000e0000000)
  object space 110592K, 51% used [0x00000000a0000000,0x00000000a3779cd8,0x00000000a6c00000)
 Metaspace       used 88554K, capacity 92352K, committed 92504K, reserved 1130496K
  class space    used 11199K, capacity 11889K, committed 11904K, reserved 1048576K
}
Event: 2505.137 GC heap before
{Heap before GC invocations=38 (full 4):
 PSYoungGen      total 143360K, used 143109K [0x00000000e0000000, 0x00000000ec800000, 0x0000000100000000)
  eden space 137728K, 100% used [0x00000000e0000000,0x00000000e8680000,0x00000000e8680000)
  from space 5632K, 95% used [0x00000000e8b80000,0x00000000e90c1418,0x00000000e9100000)
  to   space 32768K, 0% used [0x00000000ea800000,0x00000000ea800000,0x00000000ec800000)
 ParOldGen       total 110592K, used 56807K [0x00000000a0000000, 0x00000000a6c00000, 0x00000000e0000000)
  object space 110592K, 51% used [0x00000000a0000000,0x00000000a3779cd8,0x00000000a6c00000)
 Metaspace       used 88688K, capacity 92550K, committed 92760K, reserved 1130496K
  class space    used 11205K, capacity 11900K, committed 11904K, reserved 1048576K
Event: 2505.158 GC heap after
Heap after GC invocations=38 (full 4):
 PSYoungGen      total 157696K, used 5136K [0x00000000e0000000, 0x00000000ec000000, 0x0000000100000000)
  eden space 133120K, 0% used [0x00000000e0000000,0x00000000e0000000,0x00000000e8200000)
  from space 24576K, 20% used [0x00000000ea800000,0x00000000ead04040,0x00000000ec000000)
  to   space 31744K, 0% used [0x00000000e8200000,0x00000000e8200000,0x00000000ea100000)
 ParOldGen       total 110592K, used 56815K [0x00000000a0000000, 0x00000000a6c00000, 0x00000000e0000000)
  object space 110592K, 51% used [0x00000000a0000000,0x00000000a377bcd8,0x00000000a6c00000)
 Metaspace       used 88688K, capacity 92550K, committed 92760K, reserved 1130496K
  class space    used 11205K, capacity 11900K, committed 11904K, reserved 1048576K
}
Event: 3204.095 GC heap before
{Heap before GC invocations=39 (full 4):
 PSYoungGen      total 157696K, used 138256K [0x00000000e0000000, 0x00000000ec000000, 0x0000000100000000)
  eden space 133120K, 100% used [0x00000000e0000000,0x00000000e8200000,0x00000000e8200000)
  from space 24576K, 20% used [0x00000000ea800000,0x00000000ead04040,0x00000000ec000000)
  to   space 31744K, 0% used [0x00000000e8200000,0x00000000e8200000,0x00000000ea100000)
 ParOldGen       total 110592K, used 56815K [0x00000000a0000000, 0x00000000a6c00000, 0x00000000e0000000)
  object space 110592K, 51% used [0x00000000a0000000,0x00000000a377bcd8,0x00000000a6c00000)
 Metaspace       used 93081K, capacity 97434K, committed 97496K, reserved 1134592K
  class space    used 11761K, capacity 12542K, committed 12544K, reserved 1048576K
Event: 3204.353 GC heap after
Heap after GC invocations=39 (full 4):
 PSYoungGen      total 138752K, used 10185K [0x00000000e0000000, 0x00000000eb780000, 0x0000000100000000)
  eden space 128512K, 0% used [0x00000000e0000000,0x00000000e0000000,0x00000000e7d80000)
  from space 10240K, 99% used [0x00000000e8200000,0x00000000e8bf2538,0x00000000e8c00000)
  to   space 29696K, 0% used [0x00000000e9a80000,0x00000000e9a80000,0x00000000eb780000)
 ParOldGen       total 110592K, used 56823K [0x00000000a0000000, 0x00000000a6c00000, 0x00000000e0000000)
  object space 110592K, 51% used [0x00000000a0000000,0x00000000a377dcd8,0x00000000a6c00000)
 Metaspace       used 93081K, capacity 97434K, committed 97496K, reserved 1134592K
  class space    used 11761K, capacity 12542K, committed 12544K, reserved 1048576K
}
Event: 4903.676 GC heap before
{Heap before GC invocations=40 (full 4):
 PSYoungGen      total 138752K, used 138697K [0x00000000e0000000, 0x00000000eb780000, 0x0000000100000000)
  eden space 128512K, 100% used [0x00000000e0000000,0x00000000e7d80000,0x00000000e7d80000)
  from space 10240K, 99% used [0x00000000e8200000,0x00000000e8bf2538,0x00000000e8c00000)
  to   space 29696K, 0% used [0x00000000e9a80000,0x00000000e9a80000,0x00000000eb780000)
 ParOldGen       total 110592K, used 56823K [0x00000000a0000000, 0x00000000a6c00000, 0x00000000e0000000)
  object space 110592K, 51% used [0x00000000a0000000,0x00000000a377dcd8,0x00000000a6c00000)
 Metaspace       used 97163K, capacity 101690K, committed 101976K, reserved 1138688K
  class space    used 12275K, capacity 13098K, committed 13184K, reserved 1048576K
Event: 4904.073 GC heap after
Heap after GC invocations=40 (full 4):
 PSYoungGen      total 145920K, used 10011K [0x00000000e0000000, 0x00000000eb000000, 0x0000000100000000)
  eden space 123904K, 0% used [0x00000000e0000000,0x00000000e0000000,0x00000000e7900000)
  from space 22016K, 45% used [0x00000000e9a80000,0x00000000ea446c78,0x00000000eb000000)
  to   space 28160K, 0% used [0x00000000e7900000,0x00000000e7900000,0x00000000e9480000)
 ParOldGen       total 110592K, used 56831K [0x00000000a0000000, 0x00000000a6c00000, 0x00000000e0000000)
  object space 110592K, 51% used [0x00000000a0000000,0x00000000a377fcd8,0x00000000a6c00000)
 Metaspace       used 97163K, capacity 101690K, committed 101976K, reserved 1138688K
  class space    used 12275K, capacity 13098K, committed 13184K, reserved 1048576K
}

